<?xml version="1.0" encoding="UTF-8"?>
<!-- Generated by org.testng.reporters.JUnitXMLReporter -->
<testsuite ignored="0" hostname="priyankas-mbp" failures="0" tests="5" name="mavenSpreeProject" time="45.862" errors="0" timestamp="2021-03-09T22:41:24 IST">
  <testcase classname="tests.AddMugItemsAndEmptyCartTest" name="AddMugItemsAndEmptyCart" time="11.729"/>
  <testcase classname="tests.AddRubyOnRailsToCartAndCheckPriceTest" name="AddRubyOnRailsMugToCartAndValidatePrice" time="7.362"/>
  <testcase classname="tests.VerifyLoginLogoutTest" name="LoginUsingEmailAndPassword" time="2.363"/>
  <testcase classname="tests.SearchAndFilterProductsTest" name="FilterUsingCategoryOrBrandAndPrice" time="1.083"/>
  <testcase classname="tests.SearchAndFilterProductsTest" name="SearchProducts" time="1.671"/>
</testsuite> <!-- mavenSpreeProject -->
